,0,0,0.001,0

[ig>tx] YD0BCX-6>APDW17,TCPIP*,qAC,T2KK::YD0BCX-6 :BITS.00101100,APRS DIGIPEATER STATION

[ig>tx] YC1SCC-4>APRX29,TCPIP*,qAC,T2SYDNEY:>APRX 2.9.1 on Armbian_arm

[ig>tx] YE0EEE-10>APRS,TCPIP*,qAC,T2JKTP:@040414z0614.52S/10644.28E_347/003g007t096r000p000P000b10126h46.weewx-4.0.0-FineOffsetUSB

[ig>tx] YD0BCX-15>APRX29,TCPIP*,qAC,T2KK:!0612.50S/10651.55EhYD0BCX-15 APRS station aprx

[ig>tx] YD1RUH-1>APDW15,WIDE2-2,qAR,YE0EEE-2:!0618.16SD10649.20E#PHG4040YD1RUH Digipeater

[ig>tx] YC1SCC-10>APDW15,qAO,YC1SCC-10:!0621.00SS10637.20E&PHG1010 APRS SatGate Raspi 1B Ver.1 <145.825 MHz><0x20>

[ig>tx] YD0BCX-14>APRX29,TCPIP*,qAC,T2KK:>APRX 2.9.1 on LEDE TPLINK MR3020 V1

[ig>tx] YD0BCX-4>APDW17,TCPIP*,qAC,T2NANJING:!0611.85S/10652.50E#APRS Test on NanoPi R2S OpenWRT direwolf

[ig>tx] YD0BCX-4>APDW17,TCPIP*,qAC,T2NANJING:>Year: 2023, Month: 04, Day: 03, City: Jakarta Pusat, Humidity: 95%, Temperature: 25Â°C

[ig>tx] YD0BCX-3>APRX29,TCPIP*,qAC,T2KK:>"All men's souls are immortal, but the souls of the righteous are immortal and divine."--Socrates

[ig>tx] YD0BCX-4>APDW17,TCPIP*,qAC,T2NANJING::YD0BCX-4 :PARM.Temp,Hum

[ig>tx] YD0BCX-4>APDW17,TCPIP*,qAC,T2NANJING::YD0BCX-4 :UNIT.Â°C,%

[ig>tx] YD0BCX-4>APDW17,TCPIP*,qAC,T2NANJING::YD0BCX-4 :EQNS.0,1,0,0,1,0,0,1,0,0,1,0,0,1,0

[ig>tx] YD0BCX-4>APDW17,TCPIP*,qAC,T2NANJING:T#858,25,95,11111111

[ig>tx] YE0EEE-1>APOT30,WIDE2-1,qAR,YC1SCC-1:!0614.74S/10644.77E#CNT00000 PHG21301/ **** APRS DIGIPEATER  JAKARTA SELATAN ***

[ig>tx] YE0EEE-5>APRX29,TCPIP*,qAC,T2JKTP:!0614.74SR10644.78E&Linux RaspPi-APRS-Gateway  Jakarta Indonesia

[ig>tx] YB0AZ>APOT21,WIDE2-1,qAO,YD0NXX-5:!0613.53S/10645.65E#PHG3380/W2, YB0AZ APRS Station

[ig>tx] YE0EEE-2>APRX29,TCPIP*,qAS,YE0EEE-5:!0614.74SR10644.78E&Linux RaspPi-APRS-Gateway  Jakarta Indonesia

[ig>tx] YD1RUH-1>APDW15,WIDE2-2,qAR,YE0EEE-2:;YD1RUH-4 *111111z0611.08SH10643.14E#PHG2040YD1RUH home station

[ig>tx] YE0EEE-5>APRX29,TCPIP*,qAC,T2JKTP:T#238,0.0,0.7,0.0,0.0,4.0,00000000

[ig>tx] YE0EEE-2>APRX29,TCPIP*,qAS,YE0EEE-5:T#238,5.4,0.9,23.0,0.0,4.0,00000000

[ig>tx] YB1JQC-2>APDR16,TCPIP*,qAC,T2FINLAND:=0624.00S\10723.40E) ORARI LOKAL KAB KARAWANG YH1AP 145.020 MHz

[ig>tx] YD0BCX-5>APRX29,TCPIP*,qAC,T2KK:>Tgl: 04 Apr 2023, Jam: 03:50:33 WIB, Lintang: 8.38 LS. Bujur: 123.83 BT, Magnitude: 5.0, Kedalaman: 179 km, Lokasi: 39 km TimurLaut LEMBATA-NTT, Tidak berpotensi tsunami

[ig>tx] YC1SCC-7>APRX29,TCPIP*,qAC,T2PERTH:!0622.01S/10638.21E&YC1SCC-7 APRS station APRX on TL-WR740N https://tinyurl.com/3hr87mbw

[ig>tx] YC1SCC-12>APRX29,TCPIP*,qAC,T2PERTH:@040415z0622.00S/10637.71E_.../046g035t095r008p001P005h96b10100L000 WX on OpenWrt_E1200

[ig>tx] YC1SCC-10>APDW15,qAO,YC1SCC-10:!0621.00SS10637.20E&PHG1010 APRS SatGate Raspi 1B Ver.1 <145.825 MHz><0x20>

[ig>tx] YC1SCC-4>APRX29,TCPIP*,qAC,T2SYDNEY:!0622.52S/10637.68E-YC1SCC-4 APRS station APRX 2.9.1 on Armbian_STB

[ig>tx] YC1SCC-14>APDW17,TCPIP*,qAC,T2TAS:!0621.00SC10638.22E&PHG1010 Jangan Kendor Protocol Kesehatan, Tetap Pakai Masker<0x20>

[ig>tx] YC1SCC-15>APDW17,TCPIP*,qAC,T2SCC:!0621.00SC10637.70E&PHG1010 Switch Off Analog, Yuk Migrasi ke Siaran TV Digital<0x20>

[ig>tx] YD0BCX-13>APDW17,TCPIP*,qAC,T2KK:>WX Station Tue 04 Apr 2023 11:16:03 AM WIB up 31 days, 14:50, 2 users, load average: 1.88, 1.73, 1.67 temp=58.4'C Rx : 1360.03 KiB, Tx : 768.25 KiB , [ PM 1.0 : 4, PM 2.5 : 7, PM 10.0 : 7 (ug/m3) ]

[ig>tx] YD1RUH-1>APDW15,WIDE2-2,qAR,YE0EEE-2:!0618.16SD10649.20E#PHG4040YD1RUH Digipeater

[ig>tx] YD0BCX-13>APDW17,TCPIP*,qAC,T2KK:@040416z0611.50S/10652.50E_244/038g009t088r001p004P009h62b10095L071 WX on PiZero + BME280 + PMS7003 + DireWolf 1.7 by WB2OSZ + AWS by KC1HBK

[ig>tx] YD1RUH-2>APSAR,WIDE2-2,qAR,YE0EEE-2:=0618.17S/10649.20El/A=000003FT-991 Gateway Digipeater[:YD1RUH-DIGI

[ig>tx] YD0BCX-13>APDW17,TCPIP*,qAC,T2KK::YD0BCX-13:PARM.Temp,Press,Hum,Alt,Rnd,D1,D2,D3,D4,D5,D6,D7,D8

[ig>tx] YD0BCX-13>APDW17,TCPIP*,qAC,T2KK::YD0BCX-13:UNIT.deg.C,mbar,%,masl,

[ig>tx] YD0BCX-13>APDW17,TCPIP*,qAC,T2KK::YD0BCX-13:EQNS.0,0.01,0,0,1,0,0,0.01,0,0,0.01,0,0,0.55,0

[ig>tx] YE0EEE-10>APRS,TCPIP*,qAC,T2JKTP:@040416z0614.52S/10644.28E_324/005g008t096r000p000P000b10126h45.weewx-4.0.0-FineOffsetUSB

[ig>tx] YD0BCX-13>APDW17,TCPIP*,qAC,T2KK:T#98,3137,1009.482,6205,3142,241,11111111

[ig>tx] YD0BCX-13>APDW17,TCPIP*,qAC,T2KK::YD0BCX-13:BITS.01001110,Switch State Tracking

[ig>tx] YD0BCX-15>APRX29,TCPIP*,qAC,T2KK:>11:16:25 up 16 days, 17:12, 0 users, load average: 0,52, 0,38, 0,36

[ig>tx] YE0EEE-5>APRX29,TCPIP*,qAC,T2JKTP:!0614.74SR10644.78E&Linux RaspPi-APRS-Gateway  Jakarta Indonesia<0x20>

[ig>tx] YC1SCC-7>APRX29,TCPIP*,qAC,T2PERTH:>APRX on OpenWrt
[ig] YD1RUH-7>APDW16:!0611.04SR10643.18E&

[ig>tx] YC1SCC-10>APDW15,qAO,YC1SCC-10:!0621.00SS10637.20E&PHG1010 APRS SatGate Raspi 1B Ver.1 <145.825 MHz><0x20>

[ig>tx] YC1SCC-12>APRX29,TCPIP*,qAC,T2PERTH:>04 Apr 2023, 03:50:33 WIB, 8.38 LS, 123.83 BT, 5.0,179 km, 39 km TimurLaut LEMBATA-NTT, Tidak berpotensi tsunami

[ig>tx] YC1SCC-1>APWW11,TCPIP*,qAC,T2TAS:>OI33hp\-DX: YB0AZ 19.4km 48° 04:10 0613.53S 10645.65E<0x20>

[ig>tx] YB0AZ>APOT21,WIDE2-1,qAR,YE0EEE-2:!0613.53S/10645.65E#PHG3380/W2, YB0AZ APRS Station

[ig>tx] YD0BCX-3>APRX29,TCPIP*,qAC,T2KK:!0613.41S\10650.56EUYD0BCX-3's Random Motivation Quotes bot on OpenWrt

[ig>tx] YD0BCX-14>APRX29,TCPIP*,qAC,T2KK:!0613.50S\10652.55EnYD0BCX-14 APRS station aprx https://bit.ly/3Wo5zbJ

[ig>tx] YC1SCC-4>APRX29,TCPIP*,qAC,T2SYDNEY:>APRX 2.9.1 on Armbian_arm

[ig>tx] YD1RUH-1>APDW15,WIDE2-2,qAR,YE0EEE-2:!0618.16SD10649.20E#PHG4040YD1RUH Digipeater

[ig>tx] YC1SCC-10>APDW15,qAO,YC1SCC-10:!0621.00SS10637.20E&PHG1010 APRS SatGate Raspi 1B Ver.1 <145.825 MHz><0x20>

[ig>tx] YD1RUH-1>APDW15,WIDE2-2,qAR,YE0EEE-2:;YD1RUH-4 *111111z0611.08SH10643.14E#PHG2040YD1RUH home station

[ig>tx] YC1SCC-7>APRX29,TCPIP*,qAC,T2PERTH:!0622.01S/10638.21E&YC1SCC-7 APRS station APRX on TL-WR740N https://tinyurl.com/3hr87mbw

[ig>tx] YC1SCC-14>APDW17,TCPIP*,qAC,T2TAS:!0621.00SC10638.22E&PHG1010 Jangan Kendor Protocol Kesehatan, Tetap Pakai Masker<0x20>

[ig>tx] YE0EEE-1>APOT30,WIDE2-1,qAR,YC1SCC-1:!0614.74S/10644.77E#CNT00000 PHG21301/ **** APRS DIGIPEATER  JAKARTA SELATAN ***

[ig>tx] YE0EEE-2>APRX29,TCPIP*,qAS,YE0EEE-5:!0614.74SS10644.78E&Linux SGATE 145.825Mhz Jakarta Indonesia<0x20>

[ig>tx] YC1SCC-15>APDW17,TCPIP*,qAC,T2SCC:!0621.00SC10637.70E&PHG1010 Switch Off Analog, Yuk Migrasi ke Siaran TV Digital<0x20>

[ig>tx] YH0ARG-S>APDG01,TCPIP*,qAC,YH0ARG-GS:;YH0ARG C *040418z0608.41SD10647.54EaRNG0001/A=000010 2m Voice 146.70000MHz -0.6000MHz
