 Digipeater
106:[ig>tx] YD1RUH-1>APDW15,WIDE2-2,qAR,YE0EEE-2:;YD1RUH-4 *111111z0611.08SH10643.14E#PHG2040YD1RUH home station
11:[ig>tx] YD1RUH-1>APDW15,WIDE2-2,qAR,YE0EEE-2:!0618.16SD10649.20E#PHG4040YD1RUH Digipeater
39:[ig>tx] YD1RUH-1>APDW15,WIDE2-2,qAR,YE0EEE-2:;YD1RUH-4 *111111z0611.08SH10643.14E#PHG2040YD1RUH home station
63:[ig>tx] YD1RUH-1>APDW15,WIDE2-2,qAR,YE0EEE-2:!0618.16SD10649.20E#PHG4040YD1RUH Digipeater
67:[ig>tx] YD1RUH-2>APSAR,WIDE2-2,qAR,YE0EEE-2:=0618.17S/10649.20El/A=000003FT-991 Gateway Digipeater[:YD1RUH-DIGI
86:[ig] YD1RUH-7>APDW16:!0611.04SR10643.18E&
102:[ig>tx] YD1RUH-1>APDW15,WIDE2-2,qAR,YE0EEE-2:!0618.16SD10649.20E#PHG4040YD1RUH Digipeater
106:[ig>tx] YD1RUH-1>APDW15,WIDE2-2,qAR,YE0EEE-2:;YD1RUH-4 *111111z0611.08SH10643.14E#PHG2040YD1RUH home station
11:[ig>tx] YD1RUH-1>APDW15,WIDE2-2,qAR,YE0EEE-2:!0618.16SD10649.20E#PHG4040YD1RUH Digipeater
39:[ig>tx] YD1RUH-1>APDW15,WIDE2-2,qAR,YE0EEE-2:;YD1RUH-4 *111111z0611.08SH10643.14E#PHG2040YD1RUH home station
63:[ig>tx] YD1RUH-1>APDW15,WIDE2-2,qAR,YE0EEE-2:!0618.16SD10649.20E#PHG4040YD1RUH Digipeater
67:[ig>tx] YD1RUH-2>APSAR,WIDE2-2,qAR,YE0EEE-2:=0618.17S/10649.20El/A=000003FT-991 Gateway Digipeater[:YD1RUH-DIGI
86:[ig] YD1RUH-7>APDW16:!0611.04SR10643.18E&
102:[ig>tx] YD1RUH-1>APDW15,WIDE2-2,qAR,YE0EEE-2:!0618.16SD10649.20E#PHG4040YD1RUH Digipeater
106:[ig>tx] YD1RUH-1>APDW15,WIDE2-2,qAR,YE0EEE-2:;YD1RUH-4 *111111z0611.08SH10643.14E#PHG2040YD1RUH home station
11:[ig>tx] YD1RUH-1>APDW15,WIDE2-2,qAR,YE0EEE-2:!0618.16SD10649.20E#PHG4040YD1RUH Digipeater
39:[ig>tx] YD1RUH-1>APDW15,WIDE2-2,qAR,YE0EEE-2:;YD1RUH-4 *111111z0611.08SH10643.14E#PHG2040YD1RUH home station
63:[ig>tx] YD1RUH-1>APDW15,WIDE2-2,qAR,YE0EEE-2:!0618.16SD10649.20E#PHG4040YD1RUH Digipeater
67:[ig>tx] YD1RUH-2>APSAR,WIDE2-2,qAR,YE0EEE-2:=0618.17S/10649.20El/A=000003FT-991 Gateway Digipeater[:YD1RUH-DIGI
86:[ig] YD1RUH-7>APDW16:!0611.04SR10643.18E&
102:[ig>tx] YD1RUH-1>APDW15,WIDE2-2,qAR,YE0EEE-2:!0618.16SD10649.20E#PHG4040YD1RUH Digipeater
106:[ig>tx] YD1RUH-1>APDW15,WIDE2-2,qAR,YE0EEE-2:;YD1RUH-4 *111111z0611.08SH10643.14E#PHG2040YD1RUH home station
11:[ig>tx] YD1RUH-1>APDW15,WIDE2-2,qAR,YE0EEE-2:!0618.16SD10649.20E#PHG4040YD1RUH Digipeater
39:[ig>tx] YD1RUH-1>APDW15,WIDE2-2,qAR,YE0EEE-2:;YD1RUH-4 *111111z0611.08SH10643.14E#PHG2040YD1RUH home station
63:[ig>tx] YD1RUH-1>APDW15,WIDE2-2,qAR,YE0EEE-2:!0618.16SD10649.20E#PHG4040YD1RUH Digipeater
67:[ig>tx] YD1RUH-2>APSAR,WIDE2-2,qAR,YE0EEE-2:=0618.17S/10649.20El/A=000003FT-991 Gateway Digipeater[:YD1RUH-DIGI
86:[ig] YD1RUH-7>APDW16:!0611.04SR10643.18E&
102:[ig>tx] YD1RUH-1>APDW15,WIDE2-2,qAR,YE0EEE-2:!0618.16SD10649.20E#PHG4040YD1RUH Digipeater
106:[ig>tx] YD1RUH-1>APDW15,WIDE2-2,qAR,YE0EEE-2:;YD1RUH-4 *111111z0611.08SH10643.14E#PHG2040YD1RUH home station
11:[ig>tx] YD1RUH-1>APDW15,WIDE2-2,qAR,YE0EEE-2:!0618.16SD10649.20E#PHG4040YD1RUH Digipeater
39:[ig>tx] YD1RUH-1>APDW15,WIDE2-2,qAR,YE0EEE-2:;YD1RUH-4 *111111z0611.08SH10643.14E#PHG2040YD1RUH home station
63:[ig>tx] YD1RUH-1>APDW15,WIDE2-2,qAR,YE0EEE-2:!0618.16SD10649.20E#PHG4040YD1RUH Digipeater
67:[ig>tx] YD1RUH-2>APSAR,WIDE2-2,qAR,YE0EEE-2:=0618.17S/10649.20El/A=000003FT-991 Gateway Digipeater[:YD1RUH-DIGI
86:[ig] YD1RUH-7>APDW16:!0611.04SR10643.18E&
102:[ig>tx] YD1RUH-1>APDW15,WIDE2-2,qAR,YE0EEE-2:!0618.16SD10649.20E#PHG4040YD1RUH Digipeater
106:[ig>tx] YD1RUH-1>APDW15,WIDE2-2,qAR,YE0EEE-2:;YD1RUH-4 *111111z0611.08SH10643.14E#PHG2040YD1RUH home station
11:[ig>tx] YD1RUH-1>APDW15,WIDE2-2,qAR,YE0EEE-2:!0618.16SD10649.20E#PHG4040YD1RUH Digipeater
39:[ig>tx] YD1RUH-1>APDW15,WIDE2-2,qAR,YE0EEE-2:;YD1RUH-4 *111111z0611.08SH10643.14E#PHG2040YD1RUH home station
63:[ig>tx] YD1RUH-1>APDW15,WIDE2-2,qAR,YE0EEE-2:!0618.16SD10649.20E#PHG4040YD1RUH Digipeater
67:[ig>tx] YD1RUH-2>APSAR,WIDE2-2,qAR,YE0EEE-2:=0618.17S/10649.20El/A=000003FT-991 Gateway Digipeater[:YD1RUH-DIGI
86:[ig] YD1RUH-7>APDW16:!0611.04SR10643.18E&
102:[ig>tx] YD1RUH-1>APDW15,WIDE2-2,qAR,YE0EEE-2:!0618.16SD10649.20E#PHG4040YD1RUH Digipeater
106:[ig>tx] YD1RUH-1>APDW15,WIDE2-2,qAR,YE0EEE-2:;YD1RUH-4 *111111z0611.08SH10643.14E#PHG2040YD1RUH home station
11:[ig>tx] YD1RUH-1>APDW15,WIDE2-2,qAR,YE0EEE-2:!0618.16SD10649.20E#PHG4040YD1RUH Digipeater
39:[ig>tx] YD1RUH-1>APDW15,WIDE2-2,qAR,YE0EEE-2:;YD1RUH-4 *111111z0611.08SH10643.14E#PHG2040YD1RUH home station
63:[ig>tx] YD1RUH-1>APDW15,WIDE2-2,qAR,YE0EEE-2:!0618.16SD10649.20E#PHG4040YD1RUH Digipeater
67:[ig>tx] YD1RUH-2>APSAR,WIDE2-2,qAR,YE0EEE-2:=0618.17S/10649.20El/A=000003FT-991 Gateway Digipeater[:YD1RUH-DIGI
86:[ig] YD1RUH-7>APDW16:!0611.04SR10643.18E&
102:[ig>tx] YD1RUH-1>APDW15,WIDE2-2,qAR,YE0EEE-2:!0618.16SD10649.20E#PHG4040YD1RUH Digipeater
106:[ig>tx] YD1RUH-1>APDW15,WIDE2-2,qAR,YE0EEE-2:;YD1RUH-4 *111111z0611.08SH10643.14E#PHG2040YD1RUH home station
11:[ig>tx] YD1RUH-1>APDW15,WIDE2-2,qAR,YE0EEE-2:!0618.16SD10649.20E#PHG4040YD1RUH Digipeater
39:[ig>tx] YD1RUH-1>APDW15,WIDE2-2,qAR,YE0EEE-2:;YD1RUH-4 *111111z0611.08SH10643.14E#PHG2040YD1RUH home station
63:[ig>tx] YD1RUH-1>APDW15,WIDE2-2,qAR,YE0EEE-2:!0618.16SD10649.20E#PHG4040YD1RUH Digipeater
67:[ig>tx] YD1RUH-2>APSAR,WIDE2-2,qAR,YE0EEE-2:=0618.17S/10649.20El/A=000003FT-991 Gateway Digipeater[:YD1RUH-DIGI
86:[ig] YD1RUH-7>APDW16:!0611.04SR10643.18E&
102:[ig>tx] YD1RUH-1>APDW15,WIDE2-2,qAR,YE0EEE-2:!0618.16SD10649.20E#PHG4040YD1RUH Digipeater
106:[ig>tx] YD1RUH-1>APDW15,WIDE2-2,qAR,YE0EEE-2:;YD1RUH-4 *111111z0611.08SH10643.14E#PHG2040YD1RUH home station
11:[ig>tx] YD1RUH-1>APDW15,WIDE2-2,qAR,YE0EEE-2:!0618.16SD10649.20E#PHG4040YD1RUH Digipeater
39:[ig>tx] YD1RUH-1>APDW15,WIDE2-2,qAR,YE0EEE-2:;YD1RUH-4 *111111z0611.08SH10643.14E#PHG2040YD1RUH home station
63:[ig>tx] YD1RUH-1>APDW15,WIDE2-2,qAR,YE0EEE-2:!0618.16SD10649.20E#PHG4040YD1RUH Digipeater
67:[ig>tx] YD1RUH-2>APSAR,WIDE2-2,qAR,YE0EEE-2:=0618.17S/10649.20El/A=000003FT-991 Gateway Digipeater[:YD1RUH-DIGI
86:[ig] YD1RUH-7>APDW16:!0611.04SR10643.18E&
102:[ig>tx] YD1RUH-1>APDW15,WIDE2-2,qAR,YE0EEE-2:!0618.16SD10649.20E#PHG4040YD1RUH Digipeater
106:[ig>tx] YD1RUH-1>APDW15,WIDE2-2,qAR,YE0EEE-2:;YD1RUH-4 *111111z0611.08SH10643.14E#PHG2040YD1RUH home station
